Looking for git in: git
Using git 2.17.1 from git
> git rev-parse --show-toplevel
> git config --get commit.template
Open repository: /home/liuhy/work/src/watchhub
> git status -z -u
> git symbolic-ref --short HEAD
> git rev-parse dev
> git rev-parse --symbolic-full-name dev@{u}
fatal: no upstream configured for branch 'dev'
> git for-each-ref --format %(refname) %(objectname) --sort -committerdate
> git remote --verbose
> git show :main/config/fabric.yaml
> git check-ignore -z --stdin
> git status -z -u
> git symbolic-ref --short HEAD
> git rev-parse dev
> git rev-parse --symbolic-full-name dev@{u}
fatal: no upstream configured for branch 'dev'
> git for-each-ref --format %(refname) %(objectname) --sort -committerdate
> git remote --verbose
> git check-ignore -z --stdin
> git show :main/config/fabric.yaml
> git status -z -u
> git symbolic-ref --short HEAD
> git rev-parse dev
> git rev-parse --symbolic-full-name dev@{u}
fatal: no upstream configured for branch 'dev'
> git for-each-ref --format %(refname) %(objectname) --sort -committerdate
> git remote --verbose
> git status -z -u
> git symbolic-ref --short HEAD
> git rev-parse dev
> git rev-parse --symbolic-full-name dev@{u}
fatal: no upstream configured for branch 'dev'
> git for-each-ref --format %(refname) %(objectname) --sort -committerdate
> git remote --verbose
> git show :main/main.go
