Looking for git in: git
Using git 2.17.1 from git
> git rev-parse --show-toplevel
> git config --get commit.template
Open repository: /home/liuhy/work/src/watchhub
> git status -z -u
> git check-ignore -z --stdin
> git check-ignore -z --stdin
> git check-ignore -z --stdin
> git check-ignore -z --stdin
> git show :main/config/fabric.yaml
> git check-ignore -z --stdin
> git show :main/config/fabric.yaml
> git show :main/config/fabric.yaml
> git show :main/config/watchhub.yaml
> git show :main/config/fabric.yaml
> git show :main/config/fabric.yaml
> git show :main/config/watchhub.yaml
> git show :main/config/fabric.yaml
> git show :main/config/watchhub.yaml
> git show :main/config/fabric.yaml
> git show :main/build.sh
> git show :main/config/watchhub.yaml
> git show :main/config/fabric.yaml
> git show :main/config/watchhub.yaml
> git show :main/config/fabric.yaml
> git show :main/config/fabric.yaml
> git show :main/config/fabric.yaml
> git show :main/config/fabric.yaml
> git checkout -q -b dev HEAD
fatal: A branch named 'dev' already exists.
