[2019-02-18 09:58:50.538] [exthost] [info] extension host started
[2019-02-18 09:58:50.553] [exthost] [info] ExtensionService#_doActivateExtension vscode.debug-auto-launch {"startup":true,"activationEvent":"*"}
[2019-02-18 09:58:50.553] [exthost] [info] ExtensionService#loadCommonJSModule /usr/share/code/resources/app/extensions/debug-auto-launch/dist/extension
[2019-02-18 09:58:50.556] [exthost] [info] ExtensionService#_doActivateExtension vscode.emmet {"startup":true,"activationEvent":"*"}
[2019-02-18 09:58:50.556] [exthost] [info] ExtensionService#loadCommonJSModule /usr/share/code/resources/app/extensions/emmet/dist/extension
[2019-02-18 09:58:50.565] [exthost] [info] ExtensionService#_doActivateExtension vscode.git {"startup":true,"activationEvent":"*"}
[2019-02-18 09:58:50.565] [exthost] [info] ExtensionService#loadCommonJSModule /usr/share/code/resources/app/extensions/git/dist/main
[2019-02-18 09:58:50.598] [exthost] [info] ExtensionService#_doActivateExtension vscode.merge-conflict {"startup":true,"activationEvent":"*"}
[2019-02-18 09:58:50.598] [exthost] [info] ExtensionService#loadCommonJSModule /usr/share/code/resources/app/extensions/merge-conflict/dist/extension
[2019-02-18 09:58:50.600] [exthost] [info] ExtensionService#_doActivateExtension Equinusocio.vsc-material-theme {"startup":true,"activationEvent":"*"}
[2019-02-18 09:58:50.600] [exthost] [info] ExtensionService#loadCommonJSModule /home/liuhy/.vscode/extensions/equinusocio.vsc-material-theme-2.7.0/out/src/material.theme.config
[2019-02-18 09:58:50.607] [exthost] [info] ExtensionService#_doActivateExtension PKief.material-icon-theme {"startup":true,"activationEvent":"*"}
[2019-02-18 09:58:50.607] [exthost] [info] ExtensionService#loadCommonJSModule /home/liuhy/.vscode/extensions/pkief.material-icon-theme-3.6.3/out/src/extension
[2019-02-18 09:58:50.639] [exthost] [info] eager extensions activated
[2019-02-18 09:58:57.977] [exthost] [info] extension host started
[2019-02-18 09:58:58.096] [exthost] [info] ExtensionService#_doActivateExtension vscode.debug-auto-launch {"startup":true,"activationEvent":"*"}
[2019-02-18 09:58:58.097] [exthost] [info] ExtensionService#loadCommonJSModule /usr/share/code/resources/app/extensions/debug-auto-launch/dist/extension
[2019-02-18 09:58:58.101] [exthost] [info] ExtensionService#_doActivateExtension vscode.emmet {"startup":true,"activationEvent":"*"}
[2019-02-18 09:58:58.101] [exthost] [info] ExtensionService#loadCommonJSModule /usr/share/code/resources/app/extensions/emmet/dist/extension
[2019-02-18 09:58:58.116] [exthost] [info] ExtensionService#_doActivateExtension vscode.git {"startup":true,"activationEvent":"*"}
[2019-02-18 09:58:58.116] [exthost] [info] ExtensionService#loadCommonJSModule /usr/share/code/resources/app/extensions/git/dist/main
[2019-02-18 09:58:58.169] [exthost] [info] ExtensionService#_doActivateExtension vscode.merge-conflict {"startup":true,"activationEvent":"*"}
[2019-02-18 09:58:58.169] [exthost] [info] ExtensionService#loadCommonJSModule /usr/share/code/resources/app/extensions/merge-conflict/dist/extension
[2019-02-18 09:58:58.176] [exthost] [info] ExtensionService#_doActivateExtension Equinusocio.vsc-material-theme {"startup":true,"activationEvent":"*"}
[2019-02-18 09:58:58.176] [exthost] [info] ExtensionService#loadCommonJSModule /home/liuhy/.vscode/extensions/equinusocio.vsc-material-theme-2.7.0/out/src/material.theme.config
[2019-02-18 09:58:58.196] [exthost] [info] ExtensionService#_doActivateExtension PKief.material-icon-theme {"startup":true,"activationEvent":"*"}
[2019-02-18 09:58:58.196] [exthost] [info] ExtensionService#loadCommonJSModule /home/liuhy/.vscode/extensions/pkief.material-icon-theme-3.6.3/out/src/extension
[2019-02-18 09:58:58.253] [exthost] [info] ExtensionService#_doActivateExtension ms-vscode.Go {"startup":false,"activationEvent":"onLanguage:go"}
[2019-02-18 09:58:58.253] [exthost] [info] ExtensionService#loadCommonJSModule /home/liuhy/.vscode/extensions/ms-vscode.go-0.9.2/out/src/goMain
[2019-02-18 09:58:58.581] [exthost] [info] eager extensions activated
[2019-02-18 10:02:43.942] [exthost] [info] ExtensionService#_doActivateExtension PeterJausovec.vscode-docker {"startup":false,"activationEvent":"onLanguage:yaml"}
[2019-02-18 10:02:43.942] [exthost] [info] ExtensionService#loadCommonJSModule /home/liuhy/.vscode/extensions/peterjausovec.vscode-docker-0.5.2/entrypoint
[2019-02-18 10:03:11.351] [exthost] [error] [ms-vscode.Go] provider FAILED
[2019-02-18 10:03:11.351] [exthost] [error] Command failed: /home/liuhy/work/bin/godef -t -i -f /home/liuhy/work/src/authserver/server/srvhttp.go -o 1216

[2019-02-18 10:07:20.554] [exthost] [error] [ms-vscode.Go] provider FAILED
[2019-02-18 10:07:20.554] [exthost] [error] Command failed: /home/liuhy/work/bin/godef -t -i -f /home/liuhy/work/src/authserver/server/srvhttp.go -o 1443
godef: no identifier found

[2019-02-18 10:07:20.797] [exthost] [error] [ms-vscode.Go] provider FAILED
[2019-02-18 10:07:20.797] [exthost] [error] Command failed: /home/liuhy/work/bin/godef -t -i -f /home/liuhy/work/src/authserver/server/srvhttp.go -o 1468

[2019-02-18 10:11:08.080] [exthost] [error] [ms-vscode.Go] provider FAILED
[2019-02-18 10:11:08.080] [exthost] [error] Command failed: /home/liuhy/work/bin/godef -t -i -f /home/liuhy/work/src/authserver/farbicca/fabricca.go -o 2440
godef: no declaration found for &{err Error}

[2019-02-18 10:11:25.773] [exthost] [error] [ms-vscode.Go] provider FAILED
[2019-02-18 10:11:25.773] [exthost] [error] Check the console in dev tools to find errors when formatting.
[2019-02-18 10:12:11.693] [exthost] [error] [ms-vscode.Go] provider FAILED
[2019-02-18 10:12:11.693] [exthost] [error] Check the console in dev tools to find errors when formatting.
[2019-02-18 10:12:13.605] [exthost] [error] [ms-vscode.Go] provider FAILED
[2019-02-18 10:12:13.605] [exthost] [error] Check the console in dev tools to find errors when formatting.
[2019-02-18 10:12:16.328] [exthost] [error] [ms-vscode.Go] provider FAILED
[2019-02-18 10:12:16.328] [exthost] [error] Check the console in dev tools to find errors when formatting.
[2019-02-18 10:12:18.481] [exthost] [error] [ms-vscode.Go] provider FAILED
[2019-02-18 10:12:18.481] [exthost] [error] Check the console in dev tools to find errors when formatting.
[2019-02-18 10:13:00.484] [exthost] [error] [ms-vscode.Go] provider FAILED
[2019-02-18 10:13:00.484] [exthost] [error] Check the console in dev tools to find errors when formatting.
[2019-02-18 10:13:04.852] [exthost] [error] [ms-vscode.Go] provider FAILED
[2019-02-18 10:13:04.852] [exthost] [error] Check the console in dev tools to find errors when formatting.
[2019-02-18 10:13:35.615] [exthost] [error] [ms-vscode.Go] provider FAILED
[2019-02-18 10:13:35.615] [exthost] [error] Command failed: /home/liuhy/work/bin/godef -t -i -f /home/liuhy/work/src/authserver/farbicca/fabricca.go -o 4964
godef: no declaration found for &{err Error}

[2019-02-18 10:13:42.779] [exthost] [error] [ms-vscode.Go] provider FAILED
[2019-02-18 10:13:42.779] [exthost] [error] Command failed: /home/liuhy/work/bin/godef -t -i -f /home/liuhy/work/src/authserver/farbicca/fabricca.go -o 5286
godef: no declaration found for &{err Error}

[2019-02-18 14:40:00.809] [exthost] [info] ExtensionService#_doActivateExtension vscode.extension-editing {"startup":false,"activationEvent":"onLanguage:markdown"}
[2019-02-18 14:40:00.809] [exthost] [info] ExtensionService#loadCommonJSModule /usr/share/code/resources/app/extensions/extension-editing/dist/extension
[2019-02-18 14:40:00.882] [exthost] [info] ExtensionService#_doActivateExtension vscode.markdown-language-features {"startup":false,"activationEvent":"onLanguage:markdown"}
[2019-02-18 14:40:00.882] [exthost] [info] ExtensionService#loadCommonJSModule /usr/share/code/resources/app/extensions/markdown-language-features/dist/extension
