[2019-02-19 10:16:52.951] [exthost] [info] extension host started
[2019-02-19 10:16:52.969] [exthost] [info] ExtensionService#_doActivateExtension vscode.debug-auto-launch {"startup":true,"activationEvent":"*"}
[2019-02-19 10:16:52.969] [exthost] [info] ExtensionService#loadCommonJSModule /usr/share/code/resources/app/extensions/debug-auto-launch/dist/extension
[2019-02-19 10:16:52.972] [exthost] [info] ExtensionService#_doActivateExtension vscode.emmet {"startup":true,"activationEvent":"*"}
[2019-02-19 10:16:52.972] [exthost] [info] ExtensionService#loadCommonJSModule /usr/share/code/resources/app/extensions/emmet/dist/extension
[2019-02-19 10:16:52.979] [exthost] [info] ExtensionService#_doActivateExtension vscode.git {"startup":true,"activationEvent":"*"}
[2019-02-19 10:16:52.979] [exthost] [info] ExtensionService#loadCommonJSModule /usr/share/code/resources/app/extensions/git/dist/main
[2019-02-19 10:16:53.011] [exthost] [info] ExtensionService#_doActivateExtension vscode.merge-conflict {"startup":true,"activationEvent":"*"}
[2019-02-19 10:16:53.011] [exthost] [info] ExtensionService#loadCommonJSModule /usr/share/code/resources/app/extensions/merge-conflict/dist/extension
[2019-02-19 10:16:53.015] [exthost] [info] ExtensionService#_doActivateExtension Equinusocio.vsc-material-theme {"startup":true,"activationEvent":"*"}
[2019-02-19 10:16:53.015] [exthost] [info] ExtensionService#loadCommonJSModule /home/liuhy/.vscode/extensions/equinusocio.vsc-material-theme-2.7.0/out/src/material.theme.config
[2019-02-19 10:16:53.026] [exthost] [info] ExtensionService#_doActivateExtension PKief.material-icon-theme {"startup":true,"activationEvent":"*"}
[2019-02-19 10:16:53.026] [exthost] [info] ExtensionService#loadCommonJSModule /home/liuhy/.vscode/extensions/pkief.material-icon-theme-3.6.3/out/src/extension
[2019-02-19 10:16:53.066] [exthost] [info] eager extensions activated
[2019-02-19 10:17:20.096] [exthost] [info] extension host started
[2019-02-19 10:17:20.113] [exthost] [info] ExtensionService#_doActivateExtension vscode.debug-auto-launch {"startup":true,"activationEvent":"*"}
[2019-02-19 10:17:20.113] [exthost] [info] ExtensionService#loadCommonJSModule /usr/share/code/resources/app/extensions/debug-auto-launch/dist/extension
[2019-02-19 10:17:20.115] [exthost] [info] ExtensionService#_doActivateExtension vscode.emmet {"startup":true,"activationEvent":"*"}
[2019-02-19 10:17:20.115] [exthost] [info] ExtensionService#loadCommonJSModule /usr/share/code/resources/app/extensions/emmet/dist/extension
[2019-02-19 10:17:20.121] [exthost] [info] ExtensionService#_doActivateExtension vscode.git {"startup":true,"activationEvent":"*"}
[2019-02-19 10:17:20.121] [exthost] [info] ExtensionService#loadCommonJSModule /usr/share/code/resources/app/extensions/git/dist/main
[2019-02-19 10:17:20.146] [exthost] [info] ExtensionService#_doActivateExtension vscode.merge-conflict {"startup":true,"activationEvent":"*"}
[2019-02-19 10:17:20.146] [exthost] [info] ExtensionService#loadCommonJSModule /usr/share/code/resources/app/extensions/merge-conflict/dist/extension
[2019-02-19 10:17:20.148] [exthost] [info] ExtensionService#_doActivateExtension Equinusocio.vsc-material-theme {"startup":true,"activationEvent":"*"}
[2019-02-19 10:17:20.148] [exthost] [info] ExtensionService#loadCommonJSModule /home/liuhy/.vscode/extensions/equinusocio.vsc-material-theme-2.7.0/out/src/material.theme.config
[2019-02-19 10:17:20.154] [exthost] [info] ExtensionService#_doActivateExtension PKief.material-icon-theme {"startup":true,"activationEvent":"*"}
[2019-02-19 10:17:20.154] [exthost] [info] ExtensionService#loadCommonJSModule /home/liuhy/.vscode/extensions/pkief.material-icon-theme-3.6.3/out/src/extension
[2019-02-19 10:17:20.207] [exthost] [info] eager extensions activated
[2019-02-19 10:17:39.301] [exthost] [info] ExtensionService#_doActivateExtension PeterJausovec.vscode-docker {"startup":false,"activationEvent":"onLanguage:yaml"}
[2019-02-19 10:17:39.301] [exthost] [info] ExtensionService#loadCommonJSModule /home/liuhy/.vscode/extensions/peterjausovec.vscode-docker-0.5.2/entrypoint
