[2019-02-19 09:31:34.154] [sharedprocess] [info] main {"machineId":"ba76970dc3c8b308f915ffe6cc09bdb9c218a253b192aed98fbbb5751565094b"}
[2019-02-19 09:31:34.504] [sharedprocess] [info] Scanned user extensions: 13
[2019-02-19 09:31:34.542] [sharedprocess] [info] Scanned user extensions: 13
[2019-02-19 09:31:34.548] [sharedprocess] [info] Scanned user extensions: 13
[2019-02-19 09:31:34.681] [sharedprocess] [info] Scanned system extensions: 71
[2019-02-19 09:31:34.686] [sharedprocess] [info] Scanned system extensions: 71
[2019-02-19 09:31:34.692] [sharedprocess] [info] Scanned system extensions: 71
[2019-02-19 09:31:35.037] [sharedprocess] [info] Scanned user extensions: 13
[2019-02-19 09:31:38.824] [sharedprocess] [info] Scanned user extensions: 13
[2019-02-19 09:31:38.845] [sharedprocess] [info] Scanned system extensions: 71
[2019-02-19 09:31:39.007] [sharedprocess] [info] Scanned user extensions: 13
[2019-02-19 09:31:39.069] [sharedprocess] [info] Scanned system extensions: 71
[2019-02-19 09:31:41.332] [sharedprocess] [info] Scanned user extensions: 13
[2019-02-19 09:31:44.221] [sharedprocess] [info] Scanned user extensions: 13
[2019-02-19 09:31:44.250] [sharedprocess] [info] Scanned system extensions: 71
[2019-02-19 09:31:46.722] [sharedprocess] [info] Scanned user extensions: 13
[2019-02-19 09:32:14.172] [sharedprocess] [info] Starting to clean up unused language packs.
[2019-02-19 09:36:46.763] [sharedprocess] [info] Scanned user extensions: 13
[2019-02-19 09:41:46.792] [sharedprocess] [info] Scanned user extensions: 13
[2019-02-19 09:46:46.817] [sharedprocess] [info] Scanned user extensions: 13
[2019-02-19 09:51:46.840] [sharedprocess] [info] Scanned user extensions: 13
[2019-02-19 09:56:46.867] [sharedprocess] [info] Scanned user extensions: 13
[2019-02-19 10:01:46.888] [sharedprocess] [info] Scanned user extensions: 13
[2019-02-19 10:06:46.914] [sharedprocess] [info] Scanned user extensions: 13
[2019-02-19 10:11:46.937] [sharedprocess] [info] Scanned user extensions: 13
[2019-02-19 10:16:46.962] [sharedprocess] [info] Scanned user extensions: 13
[2019-02-19 10:16:52.597] [sharedprocess] [info] Scanned user extensions: 13
[2019-02-19 10:16:52.601] [sharedprocess] [info] Scanned user extensions: 13
[2019-02-19 10:16:52.661] [sharedprocess] [info] Scanned system extensions: 71
[2019-02-19 10:16:52.670] [sharedprocess] [info] Scanned system extensions: 71
[2019-02-19 10:16:54.923] [sharedprocess] [info] Scanned user extensions: 13
[2019-02-19 10:17:19.616] [sharedprocess] [info] Scanned user extensions: 13
[2019-02-19 10:17:19.620] [sharedprocess] [info] Scanned user extensions: 13
[2019-02-19 10:17:19.701] [sharedprocess] [info] Scanned system extensions: 71
[2019-02-19 10:17:19.730] [sharedprocess] [info] Scanned system extensions: 71
[2019-02-19 10:17:22.061] [sharedprocess] [info] Scanned user extensions: 13
[2019-02-19 10:21:46.988] [sharedprocess] [info] Scanned user extensions: 13
[2019-02-19 10:22:22.084] [sharedprocess] [info] Scanned user extensions: 13
[2019-02-19 10:26:47.009] [sharedprocess] [info] Scanned user extensions: 13
[2019-02-19 10:27:22.106] [sharedprocess] [info] Scanned user extensions: 13
[2019-02-19 10:27:55.164] [sharedprocess] [info] Scanned user extensions: 13
[2019-02-19 10:27:55.173] [sharedprocess] [info] Scanned user extensions: 13
[2019-02-19 10:27:55.219] [sharedprocess] [info] Scanned system extensions: 71
[2019-02-19 10:27:55.234] [sharedprocess] [info] Scanned system extensions: 71
[2019-02-19 10:27:57.530] [sharedprocess] [info] Scanned user extensions: 13
[2019-02-19 10:28:00.139] [sharedprocess] [info] Scanned user extensions: 13
[2019-02-19 10:28:00.163] [sharedprocess] [info] Scanned system extensions: 71
[2019-02-19 10:28:02.666] [sharedprocess] [info] Scanned user extensions: 13
[2019-02-19 10:31:47.643] [sharedprocess] [info] Scanned user extensions: 13
[2019-02-19 10:32:23.444] [sharedprocess] [info] Scanned user extensions: 13
[2019-02-19 10:32:23.489] [sharedprocess] [info] Scanned system extensions: 71
[2019-02-19 10:35:38.113] [sharedprocess] [info] Scanned user extensions: 13
[2019-02-19 10:35:38.196] [sharedprocess] [info] Scanned system extensions: 71
[2019-02-19 10:35:40.654] [sharedprocess] [info] Scanned user extensions: 13
[2019-02-19 10:35:42.974] [sharedprocess] [info] Scanned user extensions: 13
[2019-02-19 10:35:43.024] [sharedprocess] [info] Scanned system extensions: 71
[2019-02-19 10:40:40.683] [sharedprocess] [info] Scanned user extensions: 13
[2019-02-19 10:45:10.268] [sharedprocess] [info] Scanned user extensions: 13
[2019-02-19 10:45:10.274] [sharedprocess] [info] Scanned user extensions: 13
[2019-02-19 10:45:10.283] [sharedprocess] [info] Scanned user extensions: 13
[2019-02-19 10:45:10.287] [sharedprocess] [info] Scanned user extensions: 13
[2019-02-19 10:45:10.367] [sharedprocess] [info] Scanned system extensions: 71
[2019-02-19 10:45:10.371] [sharedprocess] [info] Scanned system extensions: 71
[2019-02-19 10:45:10.379] [sharedprocess] [info] Scanned system extensions: 71
[2019-02-19 10:45:18.086] [sharedprocess] [info] Installing extension: 13xforever.language-x86-64-assembly
[2019-02-19 10:45:18.107] [sharedprocess] [info] Scanned user extensions: 13
[2019-02-19 10:45:18.719] [sharedprocess] [info] Downloaded extension: 13xforever.language-x86-64-assembly /tmp/e8c3aec6-b926-41fe-89dd-b60c0f8350b1
[2019-02-19 10:45:18.755] [sharedprocess] [info] Extracted extension to /home/liuhy/.vscode/extensions/.13xforever.language-x86-64-assembly-2.2.11: 13xforever.language-x86-64-assembly
[2019-02-19 10:45:18.756] [sharedprocess] [info] Renamed to /home/liuhy/.vscode/extensions/13xforever.language-x86-64-assembly-2.2.11
[2019-02-19 10:45:18.757] [sharedprocess] [info] Installation completed. 13xforever.language-x86-64-assembly
[2019-02-19 10:45:18.764] [sharedprocess] [info] Extensions installed successfully: 13xforever.language-x86-64-assembly
[2019-02-19 10:45:40.719] [sharedprocess] [info] Scanned user extensions: 14
[2019-02-19 10:50:40.744] [sharedprocess] [info] Scanned user extensions: 14
[2019-02-19 10:55:40.767] [sharedprocess] [info] Scanned user extensions: 14
[2019-02-19 11:00:40.792] [sharedprocess] [info] Scanned user extensions: 14
[2019-02-19 11:05:40.810] [sharedprocess] [info] Scanned user extensions: 14
[2019-02-19 11:10:40.834] [sharedprocess] [info] Scanned user extensions: 14
[2019-02-19 11:15:40.859] [sharedprocess] [info] Scanned user extensions: 14
[2019-02-19 11:20:40.885] [sharedprocess] [info] Scanned user extensions: 14
[2019-02-19 11:25:40.908] [sharedprocess] [info] Scanned user extensions: 14
[2019-02-19 11:30:40.936] [sharedprocess] [info] Scanned user extensions: 14
[2019-02-19 11:35:41.824] [sharedprocess] [info] Scanned user extensions: 14
[2019-02-19 11:40:41.848] [sharedprocess] [info] Scanned user extensions: 14
[2019-02-19 11:45:41.869] [sharedprocess] [info] Scanned user extensions: 14
[2019-02-19 11:50:41.894] [sharedprocess] [info] Scanned user extensions: 14
[2019-02-19 11:55:41.942] [sharedprocess] [info] Scanned user extensions: 14
[2019-02-19 12:00:41.967] [sharedprocess] [info] Scanned user extensions: 14
[2019-02-19 12:05:41.985] [sharedprocess] [info] Scanned user extensions: 14
[2019-02-19 12:10:42.008] [sharedprocess] [info] Scanned user extensions: 14
[2019-02-19 12:15:42.031] [sharedprocess] [info] Scanned user extensions: 14
[2019-02-19 12:20:42.058] [sharedprocess] [info] Scanned user extensions: 14
[2019-02-19 12:25:42.076] [sharedprocess] [info] Scanned user extensions: 14
[2019-02-19 12:30:42.096] [sharedprocess] [info] Scanned user extensions: 14
[2019-02-19 12:35:42.800] [sharedprocess] [info] Scanned user extensions: 14
[2019-02-19 12:40:42.822] [sharedprocess] [info] Scanned user extensions: 14
[2019-02-19 12:45:42.847] [sharedprocess] [info] Scanned user extensions: 14
[2019-02-19 12:50:42.874] [sharedprocess] [info] Scanned user extensions: 14
[2019-02-19 12:55:42.894] [sharedprocess] [info] Scanned user extensions: 14
[2019-02-19 13:00:42.912] [sharedprocess] [info] Scanned user extensions: 14
[2019-02-19 13:05:42.941] [sharedprocess] [info] Scanned user extensions: 14
[2019-02-19 13:10:42.967] [sharedprocess] [info] Scanned user extensions: 14
[2019-02-19 13:15:42.994] [sharedprocess] [info] Scanned user extensions: 14
[2019-02-19 13:20:43.019] [sharedprocess] [info] Scanned user extensions: 14
[2019-02-19 13:25:43.040] [sharedprocess] [info] Scanned user extensions: 14
[2019-02-19 13:30:43.075] [sharedprocess] [info] Scanned user extensions: 14
[2019-02-19 13:35:43.704] [sharedprocess] [info] Scanned user extensions: 14
[2019-02-19 13:38:19.370] [sharedprocess] [info] Scanned user extensions: 14
[2019-02-19 13:38:19.373] [sharedprocess] [info] Scanned user extensions: 14
[2019-02-19 13:38:19.449] [sharedprocess] [info] Scanned system extensions: 71
[2019-02-19 13:38:19.460] [sharedprocess] [info] Scanned system extensions: 71
[2019-02-19 13:38:21.697] [sharedprocess] [info] Scanned user extensions: 14
[2019-02-19 13:38:44.944] [sharedprocess] [info] Scanned user extensions: 14
[2019-02-19 13:38:44.949] [sharedprocess] [info] Scanned user extensions: 14
[2019-02-19 13:38:44.998] [sharedprocess] [info] Scanned system extensions: 71
[2019-02-19 13:38:45.006] [sharedprocess] [info] Scanned system extensions: 71
[2019-02-19 13:38:47.224] [sharedprocess] [info] Scanned user extensions: 14
[2019-02-19 13:38:50.147] [sharedprocess] [info] Scanned user extensions: 14
[2019-02-19 13:38:50.193] [sharedprocess] [info] Scanned system extensions: 71
[2019-02-19 13:40:43.728] [sharedprocess] [info] Scanned user extensions: 14
[2019-02-19 13:43:47.259] [sharedprocess] [info] Scanned user extensions: 14
[2019-02-19 13:45:43.754] [sharedprocess] [info] Scanned user extensions: 14
[2019-02-19 13:48:47.277] [sharedprocess] [info] Scanned user extensions: 14
[2019-02-19 13:50:43.774] [sharedprocess] [info] Scanned user extensions: 14
[2019-02-19 13:53:47.302] [sharedprocess] [info] Scanned user extensions: 14
[2019-02-19 13:55:43.792] [sharedprocess] [info] Scanned user extensions: 14
[2019-02-19 13:58:47.338] [sharedprocess] [info] Scanned user extensions: 14
[2019-02-19 14:00:43.808] [sharedprocess] [info] Scanned user extensions: 14
[2019-02-19 14:03:47.353] [sharedprocess] [info] Scanned user extensions: 14
[2019-02-19 14:05:43.837] [sharedprocess] [info] Scanned user extensions: 14
[2019-02-19 14:08:47.375] [sharedprocess] [info] Scanned user extensions: 14
[2019-02-19 14:10:43.861] [sharedprocess] [info] Scanned user extensions: 14
[2019-02-19 14:13:47.405] [sharedprocess] [info] Scanned user extensions: 14
[2019-02-19 14:15:43.879] [sharedprocess] [info] Scanned user extensions: 14
[2019-02-19 14:18:47.428] [sharedprocess] [info] Scanned user extensions: 14
[2019-02-19 14:20:43.904] [sharedprocess] [info] Scanned user extensions: 14
[2019-02-19 14:23:47.448] [sharedprocess] [info] Scanned user extensions: 14
[2019-02-19 14:25:43.926] [sharedprocess] [info] Scanned user extensions: 14
[2019-02-19 14:28:47.464] [sharedprocess] [info] Scanned user extensions: 14
[2019-02-19 14:30:43.949] [sharedprocess] [info] Scanned user extensions: 14
[2019-02-19 14:33:47.486] [sharedprocess] [info] Scanned user extensions: 14
[2019-02-19 14:35:44.613] [sharedprocess] [info] Scanned user extensions: 14
[2019-02-19 14:38:47.514] [sharedprocess] [info] Scanned user extensions: 14
[2019-02-19 14:39:10.041] [sharedprocess] [info] Scanned user extensions: 14
[2019-02-19 14:39:10.044] [sharedprocess] [info] Scanned user extensions: 14
[2019-02-19 14:39:10.111] [sharedprocess] [info] Scanned system extensions: 71
[2019-02-19 14:39:10.119] [sharedprocess] [info] Scanned system extensions: 71
[2019-02-19 14:39:12.547] [sharedprocess] [info] Scanned user extensions: 14
[2019-02-19 14:39:21.605] [sharedprocess] [info] Scanned user extensions: 14
[2019-02-19 14:39:21.617] [sharedprocess] [info] Scanned user extensions: 14
[2019-02-19 14:39:21.734] [sharedprocess] [info] Scanned system extensions: 71
[2019-02-19 14:39:21.743] [sharedprocess] [info] Scanned system extensions: 71
[2019-02-19 14:39:23.848] [sharedprocess] [info] Scanned user extensions: 14
[2019-02-19 14:39:24.877] [sharedprocess] [info] Scanned user extensions: 14
[2019-02-19 14:39:24.922] [sharedprocess] [info] Scanned system extensions: 71
[2019-02-19 14:39:49.719] [sharedprocess] [info] Scanned user extensions: 14
[2019-02-19 14:39:49.789] [sharedprocess] [info] Scanned system extensions: 71
[2019-02-19 14:40:44.635] [sharedprocess] [info] Scanned user extensions: 14
[2019-02-19 14:42:30.175] [sharedprocess] [info] Scanned user extensions: 14
[2019-02-19 14:42:30.186] [sharedprocess] [info] Scanned user extensions: 14
[2019-02-19 14:42:30.194] [sharedprocess] [info] Scanned user extensions: 14
[2019-02-19 14:42:30.201] [sharedprocess] [info] Scanned user extensions: 14
[2019-02-19 14:42:30.290] [sharedprocess] [info] Scanned system extensions: 71
[2019-02-19 14:42:30.299] [sharedprocess] [info] Scanned system extensions: 71
[2019-02-19 14:42:30.305] [sharedprocess] [info] Scanned system extensions: 71
[2019-02-19 14:43:47.535] [sharedprocess] [info] Scanned user extensions: 14
[2019-02-19 14:44:23.867] [sharedprocess] [info] Scanned user extensions: 14
[2019-02-19 14:45:44.655] [sharedprocess] [info] Scanned user extensions: 14
[2019-02-19 14:48:47.563] [sharedprocess] [info] Scanned user extensions: 14
[2019-02-19 14:49:23.885] [sharedprocess] [info] Scanned user extensions: 14
[2019-02-19 14:50:44.675] [sharedprocess] [info] Scanned user extensions: 14
[2019-02-19 14:53:47.596] [sharedprocess] [info] Scanned user extensions: 14
[2019-02-19 14:54:23.909] [sharedprocess] [info] Scanned user extensions: 14
[2019-02-19 14:55:44.696] [sharedprocess] [info] Scanned user extensions: 14
[2019-02-19 14:58:47.626] [sharedprocess] [info] Scanned user extensions: 14
[2019-02-19 14:59:23.931] [sharedprocess] [info] Scanned user extensions: 14
[2019-02-19 15:00:44.730] [sharedprocess] [info] Scanned user extensions: 14
[2019-02-19 15:03:47.656] [sharedprocess] [info] Scanned user extensions: 14
[2019-02-19 15:04:23.953] [sharedprocess] [info] Scanned user extensions: 14
[2019-02-19 15:05:44.755] [sharedprocess] [info] Scanned user extensions: 14
[2019-02-19 15:08:47.697] [sharedprocess] [info] Scanned user extensions: 14
[2019-02-19 15:09:23.974] [sharedprocess] [info] Scanned user extensions: 14
[2019-02-19 15:10:44.810] [sharedprocess] [info] Scanned user extensions: 14
[2019-02-19 15:13:47.717] [sharedprocess] [info] Scanned user extensions: 14
[2019-02-19 15:14:23.999] [sharedprocess] [info] Scanned user extensions: 14
[2019-02-19 15:18:47.742] [sharedprocess] [info] Scanned user extensions: 14
[2019-02-19 15:19:24.017] [sharedprocess] [info] Scanned user extensions: 14
[2019-02-19 15:23:47.765] [sharedprocess] [info] Scanned user extensions: 14
[2019-02-19 15:24:24.133] [sharedprocess] [info] Scanned user extensions: 14
[2019-02-19 15:28:18.839] [sharedprocess] [info] Installing extension: rashwell.tcl
[2019-02-19 15:28:18.882] [sharedprocess] [info] Scanned user extensions: 14
[2019-02-19 15:28:19.243] [sharedprocess] [info] Downloaded extension: rashwell.tcl /tmp/ab9b78fe-b417-4bba-8117-4e78bd8c6945
[2019-02-19 15:28:19.286] [sharedprocess] [info] Extracted extension to /home/liuhy/.vscode/extensions/.rashwell.tcl-0.1.0: rashwell.tcl
[2019-02-19 15:28:19.287] [sharedprocess] [info] Renamed to /home/liuhy/.vscode/extensions/rashwell.tcl-0.1.0
[2019-02-19 15:28:19.288] [sharedprocess] [info] Installation completed. rashwell.tcl
[2019-02-19 15:28:19.314] [sharedprocess] [info] Extensions installed successfully: rashwell.tcl
[2019-02-19 15:28:47.787] [sharedprocess] [info] Scanned user extensions: 15
[2019-02-19 15:29:24.166] [sharedprocess] [info] Scanned user extensions: 15
[2019-02-19 15:33:47.808] [sharedprocess] [info] Scanned user extensions: 15
[2019-02-19 15:33:50.791] [sharedprocess] [info] Scanned user extensions: 15
[2019-02-19 15:33:50.794] [sharedprocess] [info] Scanned user extensions: 15
[2019-02-19 15:33:50.855] [sharedprocess] [info] Scanned system extensions: 71
[2019-02-19 15:33:50.865] [sharedprocess] [info] Scanned system extensions: 71
[2019-02-19 15:33:53.135] [sharedprocess] [info] Scanned user extensions: 15
[2019-02-19 15:34:00.964] [sharedprocess] [info] Scanned user extensions: 15
[2019-02-19 15:34:00.976] [sharedprocess] [info] Scanned user extensions: 15
[2019-02-19 15:34:01.025] [sharedprocess] [info] Scanned system extensions: 71
[2019-02-19 15:34:01.033] [sharedprocess] [info] Scanned system extensions: 71
[2019-02-19 15:34:03.211] [sharedprocess] [info] Scanned user extensions: 15
[2019-02-19 15:34:24.195] [sharedprocess] [info] Scanned user extensions: 15
[2019-02-19 15:34:36.880] [sharedprocess] [info] Scanned user extensions: 15
[2019-02-19 15:34:37.005] [sharedprocess] [info] Scanned system extensions: 71
[2019-02-19 15:38:48.766] [sharedprocess] [info] Scanned user extensions: 15
[2019-02-19 15:39:03.249] [sharedprocess] [info] Scanned user extensions: 15
[2019-02-19 15:39:24.235] [sharedprocess] [info] Scanned user extensions: 15
[2019-02-19 15:43:48.790] [sharedprocess] [info] Scanned user extensions: 15
[2019-02-19 15:44:03.267] [sharedprocess] [info] Scanned user extensions: 15
[2019-02-19 15:44:24.260] [sharedprocess] [info] Scanned user extensions: 15
[2019-02-19 15:48:48.812] [sharedprocess] [info] Scanned user extensions: 15
[2019-02-19 15:49:03.289] [sharedprocess] [info] Scanned user extensions: 15
[2019-02-19 15:49:24.283] [sharedprocess] [info] Scanned user extensions: 15
[2019-02-19 15:53:48.837] [sharedprocess] [info] Scanned user extensions: 15
[2019-02-19 15:54:03.309] [sharedprocess] [info] Scanned user extensions: 15
[2019-02-19 15:54:24.301] [sharedprocess] [info] Scanned user extensions: 15
[2019-02-19 15:58:48.859] [sharedprocess] [info] Scanned user extensions: 15
[2019-02-19 15:59:03.334] [sharedprocess] [info] Scanned user extensions: 15
[2019-02-19 15:59:24.325] [sharedprocess] [info] Scanned user extensions: 15
[2019-02-19 16:00:32.751] [sharedprocess] [info] Scanned user extensions: 15
[2019-02-19 16:03:48.886] [sharedprocess] [info] Scanned user extensions: 15
[2019-02-19 16:04:03.356] [sharedprocess] [info] Scanned user extensions: 15
[2019-02-19 16:04:24.339] [sharedprocess] [info] Scanned user extensions: 15
[2019-02-19 16:08:48.907] [sharedprocess] [info] Scanned user extensions: 15
[2019-02-19 16:09:03.383] [sharedprocess] [info] Scanned user extensions: 15
[2019-02-19 16:09:24.360] [sharedprocess] [info] Scanned user extensions: 15
[2019-02-19 16:13:48.929] [sharedprocess] [info] Scanned user extensions: 15
[2019-02-19 16:14:03.408] [sharedprocess] [info] Scanned user extensions: 15
[2019-02-19 16:14:24.384] [sharedprocess] [info] Scanned user extensions: 15
[2019-02-19 16:18:48.949] [sharedprocess] [info] Scanned user extensions: 15
[2019-02-19 16:19:03.429] [sharedprocess] [info] Scanned user extensions: 15
[2019-02-19 16:19:24.404] [sharedprocess] [info] Scanned user extensions: 15
[2019-02-19 16:23:48.975] [sharedprocess] [info] Scanned user extensions: 15
[2019-02-19 16:24:03.450] [sharedprocess] [info] Scanned user extensions: 15
[2019-02-19 16:24:24.424] [sharedprocess] [info] Scanned user extensions: 15
[2019-02-19 16:28:48.996] [sharedprocess] [info] Scanned user extensions: 15
[2019-02-19 16:29:03.472] [sharedprocess] [info] Scanned user extensions: 15
[2019-02-19 16:29:24.445] [sharedprocess] [info] Scanned user extensions: 15
[2019-02-19 16:33:49.019] [sharedprocess] [info] Scanned user extensions: 15
[2019-02-19 16:34:03.493] [sharedprocess] [info] Scanned user extensions: 15
[2019-02-19 16:34:19.043] [sharedprocess] [info] Scanned user extensions: 15
[2019-02-19 16:34:19.067] [sharedprocess] [info] Scanned system extensions: 71
[2019-02-19 16:34:21.678] [sharedprocess] [info] Scanned user extensions: 15
[2019-02-19 16:34:23.728] [sharedprocess] [info] Scanned user extensions: 15
[2019-02-19 16:34:23.771] [sharedprocess] [info] Scanned system extensions: 71
[2019-02-19 16:38:50.647] [sharedprocess] [info] Scanned user extensions: 15
[2019-02-19 16:39:03.518] [sharedprocess] [info] Scanned user extensions: 15
[2019-02-19 16:39:21.718] [sharedprocess] [info] Scanned user extensions: 15
[2019-02-19 16:43:50.675] [sharedprocess] [info] Scanned user extensions: 15
[2019-02-19 16:44:03.533] [sharedprocess] [info] Scanned user extensions: 15
[2019-02-19 16:44:21.738] [sharedprocess] [info] Scanned user extensions: 15
[2019-02-19 16:45:51.906] [sharedprocess] [info] Scanned user extensions: 15
[2019-02-19 16:45:51.908] [sharedprocess] [info] Scanned user extensions: 15
[2019-02-19 16:45:51.943] [sharedprocess] [info] Scanned system extensions: 71
[2019-02-19 16:45:51.949] [sharedprocess] [info] Scanned system extensions: 71
[2019-02-19 16:45:54.264] [sharedprocess] [info] Scanned user extensions: 15
[2019-02-19 16:45:59.978] [sharedprocess] [info] Scanned user extensions: 15
[2019-02-19 16:46:00.014] [sharedprocess] [info] Scanned system extensions: 71
[2019-02-19 16:46:00.241] [sharedprocess] [info] Scanned user extensions: 15
[2019-02-19 16:46:00.286] [sharedprocess] [info] Scanned system extensions: 71
[2019-02-19 16:46:02.516] [sharedprocess] [info] Scanned user extensions: 15
[2019-02-19 16:46:07.702] [sharedprocess] [info] Scanned user extensions: 15
[2019-02-19 16:46:07.734] [sharedprocess] [info] Scanned system extensions: 71
[2019-02-19 16:48:50.702] [sharedprocess] [info] Scanned user extensions: 15
[2019-02-19 16:49:03.558] [sharedprocess] [info] Scanned user extensions: 15
[2019-02-19 16:49:21.765] [sharedprocess] [info] Scanned user extensions: 15
[2019-02-19 16:51:02.552] [sharedprocess] [info] Scanned user extensions: 15
[2019-02-19 16:53:50.733] [sharedprocess] [info] Scanned user extensions: 15
[2019-02-19 16:54:03.579] [sharedprocess] [info] Scanned user extensions: 15
[2019-02-19 16:54:21.789] [sharedprocess] [info] Scanned user extensions: 15
[2019-02-19 16:56:02.575] [sharedprocess] [info] Scanned user extensions: 15
[2019-02-19 16:58:50.756] [sharedprocess] [info] Scanned user extensions: 15
[2019-02-19 16:59:03.603] [sharedprocess] [info] Scanned user extensions: 15
[2019-02-19 16:59:21.811] [sharedprocess] [info] Scanned user extensions: 15
[2019-02-19 17:01:02.598] [sharedprocess] [info] Scanned user extensions: 15
[2019-02-19 17:03:50.779] [sharedprocess] [info] Scanned user extensions: 15
