[2019-02-18 17:20:19.640] [exthost] [info] extension host started
[2019-02-18 17:20:19.656] [exthost] [info] ExtensionService#_doActivateExtension vscode.debug-auto-launch {"startup":true,"activationEvent":"*"}
[2019-02-18 17:20:19.656] [exthost] [info] ExtensionService#loadCommonJSModule /usr/share/code/resources/app/extensions/debug-auto-launch/dist/extension
[2019-02-18 17:20:19.658] [exthost] [info] ExtensionService#_doActivateExtension vscode.emmet {"startup":true,"activationEvent":"*"}
[2019-02-18 17:20:19.658] [exthost] [info] ExtensionService#loadCommonJSModule /usr/share/code/resources/app/extensions/emmet/dist/extension
[2019-02-18 17:20:19.663] [exthost] [info] ExtensionService#_doActivateExtension vscode.git {"startup":true,"activationEvent":"*"}
[2019-02-18 17:20:19.663] [exthost] [info] ExtensionService#loadCommonJSModule /usr/share/code/resources/app/extensions/git/dist/main
[2019-02-18 17:20:19.686] [exthost] [info] ExtensionService#_doActivateExtension vscode.merge-conflict {"startup":true,"activationEvent":"*"}
[2019-02-18 17:20:19.686] [exthost] [info] ExtensionService#loadCommonJSModule /usr/share/code/resources/app/extensions/merge-conflict/dist/extension
[2019-02-18 17:20:19.688] [exthost] [info] ExtensionService#_doActivateExtension Equinusocio.vsc-material-theme {"startup":true,"activationEvent":"*"}
[2019-02-18 17:20:19.688] [exthost] [info] ExtensionService#loadCommonJSModule /home/liuhy/.vscode/extensions/equinusocio.vsc-material-theme-2.7.0/out/src/material.theme.config
[2019-02-18 17:20:19.693] [exthost] [info] ExtensionService#_doActivateExtension PKief.material-icon-theme {"startup":true,"activationEvent":"*"}
[2019-02-18 17:20:19.693] [exthost] [info] ExtensionService#loadCommonJSModule /home/liuhy/.vscode/extensions/pkief.material-icon-theme-3.6.3/out/src/extension
[2019-02-18 17:20:19.716] [exthost] [info] eager extensions activated
[2019-02-18 17:20:24.703] [exthost] [info] extension host started
[2019-02-18 17:20:24.860] [exthost] [info] ExtensionService#_doActivateExtension vscode.debug-auto-launch {"startup":true,"activationEvent":"*"}
[2019-02-18 17:20:24.860] [exthost] [info] ExtensionService#loadCommonJSModule /usr/share/code/resources/app/extensions/debug-auto-launch/dist/extension
[2019-02-18 17:20:24.863] [exthost] [info] ExtensionService#_doActivateExtension vscode.emmet {"startup":true,"activationEvent":"*"}
[2019-02-18 17:20:24.863] [exthost] [info] ExtensionService#loadCommonJSModule /usr/share/code/resources/app/extensions/emmet/dist/extension
[2019-02-18 17:20:24.877] [exthost] [info] ExtensionService#_doActivateExtension vscode.git {"startup":true,"activationEvent":"*"}
[2019-02-18 17:20:24.877] [exthost] [info] ExtensionService#loadCommonJSModule /usr/share/code/resources/app/extensions/git/dist/main
[2019-02-18 17:20:24.939] [exthost] [info] ExtensionService#_doActivateExtension vscode.merge-conflict {"startup":true,"activationEvent":"*"}
[2019-02-18 17:20:24.939] [exthost] [info] ExtensionService#loadCommonJSModule /usr/share/code/resources/app/extensions/merge-conflict/dist/extension
[2019-02-18 17:20:24.943] [exthost] [info] ExtensionService#_doActivateExtension Equinusocio.vsc-material-theme {"startup":true,"activationEvent":"*"}
[2019-02-18 17:20:24.943] [exthost] [info] ExtensionService#loadCommonJSModule /home/liuhy/.vscode/extensions/equinusocio.vsc-material-theme-2.7.0/out/src/material.theme.config
[2019-02-18 17:20:24.954] [exthost] [info] ExtensionService#_doActivateExtension PKief.material-icon-theme {"startup":true,"activationEvent":"*"}
[2019-02-18 17:20:24.954] [exthost] [info] ExtensionService#loadCommonJSModule /home/liuhy/.vscode/extensions/pkief.material-icon-theme-3.6.3/out/src/extension
[2019-02-18 17:20:25.020] [exthost] [info] ExtensionService#_doActivateExtension ms-vscode.Go {"startup":false,"activationEvent":"onLanguage:go"}
[2019-02-18 17:20:25.021] [exthost] [info] ExtensionService#loadCommonJSModule /home/liuhy/.vscode/extensions/ms-vscode.go-0.9.2/out/src/goMain
[2019-02-18 17:20:25.409] [exthost] [info] eager extensions activated
[2019-02-18 17:20:26.141] [exthost] [info] ExtensionService#_doActivateExtension PeterJausovec.vscode-docker {"startup":false,"activationEvent":"onLanguage:yaml"}
[2019-02-18 17:20:26.141] [exthost] [info] ExtensionService#loadCommonJSModule /home/liuhy/.vscode/extensions/peterjausovec.vscode-docker-0.5.2/entrypoint
