[Trace - 4:34:20 PM] Sending request 'initialize - (0)'.
[Trace - 4:34:20 PM] Received response 'initialize - (0)' in 568ms.
[Trace - 4:34:20 PM] Sending notification 'initialized'.
[Trace - 4:34:20 PM] Sending notification 'workspace/didChangeConfiguration'.
[Trace - 4:34:20 PM] Sending notification 'textDocument/didOpen'.
[Trace - 4:34:20 PM] Sending notification 'json/schemaAssociations'.
[Trace - 4:34:20 PM] Received request 'client/registerCapability - (0)'.
[Trace - 4:34:20 PM] Sending response 'client/registerCapability - (0)'. Processing request took 1ms
[Trace - 4:34:20 PM] Sending request 'textDocument/documentColor - (1)'.
[Trace - 4:34:20 PM] Received request 'vscode/content - (1)'.
[Trace - 4:34:20 PM] Sending notification 'textDocument/didOpen'.
[Trace - 4:34:20 PM] Sending response 'vscode/content - (1)'. Processing request took 4ms
[Trace - 4:34:21 PM] Received response 'textDocument/documentColor - (1)' in 39ms.
[Trace - 4:34:21 PM] Sending request 'textDocument/foldingRange - (2)'.
[Trace - 4:34:21 PM] Received response 'textDocument/foldingRange - (2)' in 5ms.
[Trace - 4:34:21 PM] Received notification 'textDocument/publishDiagnostics'.
[Trace - 4:34:21 PM] Received notification 'textDocument/publishDiagnostics'.
[Trace - 4:34:27 PM] Sending notification 'textDocument/didClose'.
[Trace - 4:34:27 PM] Received notification 'textDocument/publishDiagnostics'.
[Trace - 4:37:20 PM] Sending notification 'textDocument/didClose'.
[Trace - 4:37:20 PM] Sending notification 'json/schemaContent'.
[Trace - 4:37:20 PM] Received notification 'textDocument/publishDiagnostics'.
