[2019-02-18 17:00:50.553] [exthost] [info] extension host started
[2019-02-18 17:00:50.577] [exthost] [info] ExtensionService#_doActivateExtension vscode.debug-auto-launch {"startup":true,"activationEvent":"*"}
[2019-02-18 17:00:50.577] [exthost] [info] ExtensionService#loadCommonJSModule /usr/share/code/resources/app/extensions/debug-auto-launch/dist/extension
[2019-02-18 17:00:50.580] [exthost] [info] ExtensionService#_doActivateExtension vscode.emmet {"startup":true,"activationEvent":"*"}
[2019-02-18 17:00:50.580] [exthost] [info] ExtensionService#loadCommonJSModule /usr/share/code/resources/app/extensions/emmet/dist/extension
[2019-02-18 17:00:50.587] [exthost] [info] ExtensionService#_doActivateExtension vscode.git {"startup":true,"activationEvent":"*"}
[2019-02-18 17:00:50.587] [exthost] [info] ExtensionService#loadCommonJSModule /usr/share/code/resources/app/extensions/git/dist/main
[2019-02-18 17:00:50.619] [exthost] [info] ExtensionService#_doActivateExtension vscode.merge-conflict {"startup":true,"activationEvent":"*"}
[2019-02-18 17:00:50.619] [exthost] [info] ExtensionService#loadCommonJSModule /usr/share/code/resources/app/extensions/merge-conflict/dist/extension
[2019-02-18 17:00:50.623] [exthost] [info] ExtensionService#_doActivateExtension Equinusocio.vsc-material-theme {"startup":true,"activationEvent":"*"}
[2019-02-18 17:00:50.623] [exthost] [info] ExtensionService#loadCommonJSModule /home/liuhy/.vscode/extensions/equinusocio.vsc-material-theme-2.7.0/out/src/material.theme.config
[2019-02-18 17:00:50.635] [exthost] [info] ExtensionService#_doActivateExtension PKief.material-icon-theme {"startup":true,"activationEvent":"*"}
[2019-02-18 17:00:50.635] [exthost] [info] ExtensionService#loadCommonJSModule /home/liuhy/.vscode/extensions/pkief.material-icon-theme-3.6.3/out/src/extension
[2019-02-18 17:00:50.683] [exthost] [info] eager extensions activated
[2019-02-18 17:01:11.475] [exthost] [info] extension host started
[2019-02-18 17:01:11.517] [exthost] [info] ExtensionService#_doActivateExtension vscode.debug-auto-launch {"startup":true,"activationEvent":"*"}
[2019-02-18 17:01:11.517] [exthost] [info] ExtensionService#loadCommonJSModule /usr/share/code/resources/app/extensions/debug-auto-launch/dist/extension
[2019-02-18 17:01:11.539] [exthost] [info] ExtensionService#_doActivateExtension vscode.emmet {"startup":true,"activationEvent":"*"}
[2019-02-18 17:01:11.539] [exthost] [info] ExtensionService#loadCommonJSModule /usr/share/code/resources/app/extensions/emmet/dist/extension
[2019-02-18 17:01:11.549] [exthost] [info] ExtensionService#_doActivateExtension vscode.git {"startup":true,"activationEvent":"*"}
[2019-02-18 17:01:11.549] [exthost] [info] ExtensionService#loadCommonJSModule /usr/share/code/resources/app/extensions/git/dist/main
[2019-02-18 17:01:11.590] [exthost] [info] ExtensionService#_doActivateExtension vscode.merge-conflict {"startup":true,"activationEvent":"*"}
[2019-02-18 17:01:11.590] [exthost] [info] ExtensionService#loadCommonJSModule /usr/share/code/resources/app/extensions/merge-conflict/dist/extension
[2019-02-18 17:01:11.594] [exthost] [info] ExtensionService#_doActivateExtension Equinusocio.vsc-material-theme {"startup":true,"activationEvent":"*"}
[2019-02-18 17:01:11.594] [exthost] [info] ExtensionService#loadCommonJSModule /home/liuhy/.vscode/extensions/equinusocio.vsc-material-theme-2.7.0/out/src/material.theme.config
[2019-02-18 17:01:11.604] [exthost] [info] ExtensionService#_doActivateExtension PKief.material-icon-theme {"startup":true,"activationEvent":"*"}
[2019-02-18 17:01:11.604] [exthost] [info] ExtensionService#loadCommonJSModule /home/liuhy/.vscode/extensions/pkief.material-icon-theme-3.6.3/out/src/extension
[2019-02-18 17:01:11.668] [exthost] [info] eager extensions activated
[2019-02-18 17:01:37.083] [exthost] [info] ExtensionService#_doActivateExtension ms-vscode.Go {"startup":false,"activationEvent":"onLanguage:go"}
[2019-02-18 17:01:37.083] [exthost] [info] ExtensionService#loadCommonJSModule /home/liuhy/.vscode/extensions/ms-vscode.go-0.9.2/out/src/goMain
[2019-02-18 17:02:22.628] [exthost] [info] ExtensionService#_doActivateExtension ms-vscode.references-view {"startup":false,"activationEvent":"onCommand:references-view.find"}
[2019-02-18 17:02:22.628] [exthost] [info] ExtensionService#loadCommonJSModule /usr/share/code/resources/app/extensions/ms-vscode.references-view/out/src/extension
[2019-02-18 17:02:41.269] [exthost] [error] [ms-vscode.Go] provider FAILED
[2019-02-18 17:02:41.269] [exthost] [error] Command failed: /home/liuhy/work/bin/godef -t -i -f /usr/local/go/src/database/sql/sql.go -o 28393

[2019-02-18 17:02:48.355] [exthost] [error] [ms-vscode.Go] provider FAILED
[2019-02-18 17:02:48.355] [exthost] [error] Command failed: /home/liuhy/work/bin/godef -t -i -f /usr/local/go/src/database/sql/driver/driver.go -o 9630
godef: no identifier found

