[2019-02-19 13:38:19.730] [exthost] [info] extension host started
[2019-02-19 13:38:19.745] [exthost] [info] ExtensionService#_doActivateExtension vscode.debug-auto-launch {"startup":true,"activationEvent":"*"}
[2019-02-19 13:38:19.745] [exthost] [info] ExtensionService#loadCommonJSModule /usr/share/code/resources/app/extensions/debug-auto-launch/dist/extension
[2019-02-19 13:38:19.748] [exthost] [info] ExtensionService#_doActivateExtension vscode.emmet {"startup":true,"activationEvent":"*"}
[2019-02-19 13:38:19.748] [exthost] [info] ExtensionService#loadCommonJSModule /usr/share/code/resources/app/extensions/emmet/dist/extension
[2019-02-19 13:38:19.755] [exthost] [info] ExtensionService#_doActivateExtension vscode.git {"startup":true,"activationEvent":"*"}
[2019-02-19 13:38:19.755] [exthost] [info] ExtensionService#loadCommonJSModule /usr/share/code/resources/app/extensions/git/dist/main
[2019-02-19 13:38:19.785] [exthost] [info] ExtensionService#_doActivateExtension vscode.merge-conflict {"startup":true,"activationEvent":"*"}
[2019-02-19 13:38:19.785] [exthost] [info] ExtensionService#loadCommonJSModule /usr/share/code/resources/app/extensions/merge-conflict/dist/extension
[2019-02-19 13:38:19.788] [exthost] [info] ExtensionService#_doActivateExtension Equinusocio.vsc-material-theme {"startup":true,"activationEvent":"*"}
[2019-02-19 13:38:19.788] [exthost] [info] ExtensionService#loadCommonJSModule /home/liuhy/.vscode/extensions/equinusocio.vsc-material-theme-2.7.0/out/src/material.theme.config
[2019-02-19 13:38:19.799] [exthost] [info] ExtensionService#_doActivateExtension PKief.material-icon-theme {"startup":true,"activationEvent":"*"}
[2019-02-19 13:38:19.799] [exthost] [info] ExtensionService#loadCommonJSModule /home/liuhy/.vscode/extensions/pkief.material-icon-theme-3.6.3/out/src/extension
[2019-02-19 13:38:19.838] [exthost] [info] eager extensions activated
[2019-02-19 13:38:45.374] [exthost] [info] extension host started
[2019-02-19 13:38:45.393] [exthost] [info] ExtensionService#_doActivateExtension vscode.debug-auto-launch {"startup":true,"activationEvent":"*"}
[2019-02-19 13:38:45.393] [exthost] [info] ExtensionService#loadCommonJSModule /usr/share/code/resources/app/extensions/debug-auto-launch/dist/extension
[2019-02-19 13:38:45.395] [exthost] [info] ExtensionService#_doActivateExtension vscode.emmet {"startup":true,"activationEvent":"*"}
[2019-02-19 13:38:45.395] [exthost] [info] ExtensionService#loadCommonJSModule /usr/share/code/resources/app/extensions/emmet/dist/extension
[2019-02-19 13:38:45.402] [exthost] [info] ExtensionService#_doActivateExtension vscode.git {"startup":true,"activationEvent":"*"}
[2019-02-19 13:38:45.402] [exthost] [info] ExtensionService#loadCommonJSModule /usr/share/code/resources/app/extensions/git/dist/main
[2019-02-19 13:38:45.426] [exthost] [info] ExtensionService#_doActivateExtension vscode.merge-conflict {"startup":true,"activationEvent":"*"}
[2019-02-19 13:38:45.426] [exthost] [info] ExtensionService#loadCommonJSModule /usr/share/code/resources/app/extensions/merge-conflict/dist/extension
[2019-02-19 13:38:45.428] [exthost] [info] ExtensionService#_doActivateExtension Equinusocio.vsc-material-theme {"startup":true,"activationEvent":"*"}
[2019-02-19 13:38:45.428] [exthost] [info] ExtensionService#loadCommonJSModule /home/liuhy/.vscode/extensions/equinusocio.vsc-material-theme-2.7.0/out/src/material.theme.config
[2019-02-19 13:38:45.434] [exthost] [info] ExtensionService#_doActivateExtension PKief.material-icon-theme {"startup":true,"activationEvent":"*"}
[2019-02-19 13:38:45.434] [exthost] [info] ExtensionService#loadCommonJSModule /home/liuhy/.vscode/extensions/pkief.material-icon-theme-3.6.3/out/src/extension
[2019-02-19 13:38:45.477] [exthost] [info] eager extensions activated
[2019-02-19 13:38:50.075] [exthost] [info] ExtensionService#_doActivateExtension ms-vscode.Go {"startup":false,"activationEvent":"onLanguage:go"}
[2019-02-19 13:38:50.075] [exthost] [info] ExtensionService#loadCommonJSModule /home/liuhy/.vscode/extensions/ms-vscode.go-0.9.2/out/src/goMain
[2019-02-19 13:39:15.195] [exthost] [info] ExtensionService#_doActivateExtension vscode.extension-editing {"startup":false,"activationEvent":"onLanguage:markdown"}
[2019-02-19 13:39:15.196] [exthost] [info] ExtensionService#loadCommonJSModule /usr/share/code/resources/app/extensions/extension-editing/dist/extension
[2019-02-19 13:39:15.213] [exthost] [info] ExtensionService#_doActivateExtension vscode.markdown-language-features {"startup":false,"activationEvent":"onLanguage:markdown"}
[2019-02-19 13:39:15.213] [exthost] [info] ExtensionService#loadCommonJSModule /usr/share/code/resources/app/extensions/markdown-language-features/dist/extension
[2019-02-19 13:42:25.844] [exthost] [error] [ms-vscode.Go] provider FAILED
[2019-02-19 13:42:25.844] [exthost] [error] Command failed: /home/liuhy/work/bin/godef -t -i -f /home/liuhy/work/src/github.com/EverythingMe/go-disque/disqchan/disqchan.go -o 900
godef: no declaration found for &{redis Dial}

[2019-02-19 13:42:25.955] [exthost] [error] [ms-vscode.Go] provider FAILED
[2019-02-19 13:42:25.955] [exthost] [error] Command failed: /home/liuhy/work/bin/godef -t -i -f /home/liuhy/work/src/github.com/EverythingMe/go-disque/disqchan/disqchan.go -o 900
godef: no declaration found for &{redis Dial}

[2019-02-19 13:42:29.836] [exthost] [error] [ms-vscode.Go] provider FAILED
[2019-02-19 13:42:29.836] [exthost] [error] Command failed: /home/liuhy/work/bin/godef -t -i -f /home/liuhy/work/src/github.com/EverythingMe/go-disque/disqchan/disqchan.go -o 899
godef: no declaration found for &{redis Dial}

[2019-02-19 13:42:30.420] [exthost] [error] [ms-vscode.Go] provider FAILED
[2019-02-19 13:42:30.420] [exthost] [error] Command failed: /home/liuhy/work/bin/godef -t -i -f /home/liuhy/work/src/github.com/EverythingMe/go-disque/disqchan/disqchan.go -o 899
godef: no declaration found for &{redis Dial}

[2019-02-19 13:42:32.240] [exthost] [error] [ms-vscode.Go] provider FAILED
[2019-02-19 13:42:32.240] [exthost] [error] Command failed: /home/liuhy/work/bin/godef -t -i -f /home/liuhy/work/src/github.com/EverythingMe/go-disque/disqchan/disqchan.go -o 900
godef: no declaration found for &{redis Dial}

[2019-02-19 13:42:32.688] [exthost] [error] [ms-vscode.Go] provider FAILED
[2019-02-19 13:42:32.688] [exthost] [error] Command failed: /home/liuhy/work/bin/godef -t -i -f /home/liuhy/work/src/github.com/EverythingMe/go-disque/disqchan/disqchan.go -o 899
godef: no declaration found for &{redis Dial}

[2019-02-19 13:42:43.627] [exthost] [error] [ms-vscode.Go] provider FAILED
[2019-02-19 13:42:43.627] [exthost] [error] Command failed: /home/liuhy/work/bin/godef -t -i -f /home/liuhy/work/src/github.com/EverythingMe/go-disque/disqchan/disqchan.go -o 1490
godef: no declaration found for &{0xc0002a2ee0 RefreshNodes}

[2019-02-19 13:42:52.762] [exthost] [error] [ms-vscode.Go] provider FAILED
[2019-02-19 13:42:52.762] [exthost] [error] Command failed: /home/liuhy/work/bin/godef -t -i -f /home/liuhy/work/src/github.com/EverythingMe/go-disque/disqchan/disqchan.go -o 1496
godef: no declaration found for &{0xc00029aee0 RefreshNodes}

[2019-02-19 13:47:14.651] [exthost] [error] [ms-vscode.Go] provider FAILED
[2019-02-19 13:47:14.651] [exthost] [error] Command failed: /home/liuhy/work/bin/godef -t -i -f /home/liuhy/work/src/github.com/EverythingMe/go-disque/disqchan/disqchan.go -o 2805
godef: no declaration found for &{client Get}

[2019-02-19 13:47:15.135] [exthost] [error] [ms-vscode.Go] provider FAILED
[2019-02-19 13:47:15.135] [exthost] [error] Command failed: /home/liuhy/work/bin/godef -t -i -f /home/liuhy/work/src/github.com/EverythingMe/go-disque/disqchan/disqchan.go -o 2807
godef: no declaration found for &{client Get}

[2019-02-19 13:47:15.587] [exthost] [error] [ms-vscode.Go] provider FAILED
[2019-02-19 13:47:15.587] [exthost] [error] Command failed: /home/liuhy/work/bin/godef -t -i -f /home/liuhy/work/src/github.com/EverythingMe/go-disque/disqchan/disqchan.go -o 2807
godef: no declaration found for &{client Get}

[2019-02-19 13:47:15.826] [exthost] [error] [ms-vscode.Go] provider FAILED
[2019-02-19 13:47:15.826] [exthost] [error] Command failed: /home/liuhy/work/bin/godef -t -i -f /home/liuhy/work/src/github.com/EverythingMe/go-disque/disqchan/disqchan.go -o 2806
godef: no declaration found for &{client Get}

[2019-02-19 13:47:16.504] [exthost] [error] [ms-vscode.Go] provider FAILED
[2019-02-19 13:47:16.504] [exthost] [error] Command failed: /home/liuhy/work/bin/godef -t -i -f /home/liuhy/work/src/github.com/EverythingMe/go-disque/disqchan/disqchan.go -o 2807
godef: no declaration found for &{client Get}

[2019-02-19 13:47:16.850] [exthost] [error] [ms-vscode.Go] provider FAILED
[2019-02-19 13:47:16.850] [exthost] [error] Command failed: /home/liuhy/work/bin/godef -t -i -f /home/liuhy/work/src/github.com/EverythingMe/go-disque/disqchan/disqchan.go -o 2806
godef: no declaration found for &{client Get}

[2019-02-19 13:47:17.682] [exthost] [error] [ms-vscode.Go] provider FAILED
[2019-02-19 13:47:17.682] [exthost] [error] Command failed: /home/liuhy/work/bin/godef -t -i -f /home/liuhy/work/src/github.com/EverythingMe/go-disque/disqchan/disqchan.go -o 2807
godef: no declaration found for &{client Get}

[2019-02-19 13:47:17.990] [exthost] [error] [ms-vscode.Go] provider FAILED
[2019-02-19 13:47:17.990] [exthost] [error] Command failed: /home/liuhy/work/bin/godef -t -i -f /home/liuhy/work/src/github.com/EverythingMe/go-disque/disqchan/disqchan.go -o 2805
godef: no declaration found for &{client Get}

[2019-02-19 13:47:18.302] [exthost] [error] [ms-vscode.Go] provider FAILED
[2019-02-19 13:47:18.302] [exthost] [error] Command failed: /home/liuhy/work/bin/godef -t -i -f /home/liuhy/work/src/github.com/EverythingMe/go-disque/disqchan/disqchan.go -o 2806
godef: no declaration found for &{client Get}

[2019-02-19 14:01:25.841] [exthost] [error] [ms-vscode.Go] provider FAILED
[2019-02-19 14:01:25.841] [exthost] [error] Command failed: /home/liuhy/work/bin/godef -t -i -f /home/liuhy/work/src/github.com/EverythingMe/go-disque/disque/pool.go -o 2906
godef: no declaration found for &{redis NewPool}

[2019-02-19 14:01:25.905] [exthost] [error] [ms-vscode.Go] provider FAILED
[2019-02-19 14:01:25.905] [exthost] [error] Command failed: /home/liuhy/work/bin/godef -t -i -f /home/liuhy/work/src/github.com/EverythingMe/go-disque/disque/pool.go -o 2906
godef: no declaration found for &{redis NewPool}

[2019-02-19 14:01:26.669] [exthost] [error] [ms-vscode.Go] provider FAILED
[2019-02-19 14:01:26.669] [exthost] [error] Command failed: /home/liuhy/work/bin/godef -t -i -f /home/liuhy/work/src/github.com/EverythingMe/go-disque/disque/pool.go -o 2905
godef: no declaration found for &{redis NewPool}

[2019-02-19 14:01:27.386] [exthost] [error] [ms-vscode.Go] provider FAILED
[2019-02-19 14:01:27.386] [exthost] [error] Command failed: /home/liuhy/work/bin/godef -t -i -f /home/liuhy/work/src/github.com/EverythingMe/go-disque/disque/pool.go -o 2905
godef: no declaration found for &{redis NewPool}

[2019-02-19 14:01:28.162] [exthost] [error] [ms-vscode.Go] provider FAILED
[2019-02-19 14:01:28.163] [exthost] [error] Command failed: /home/liuhy/work/bin/godef -t -i -f /home/liuhy/work/src/github.com/EverythingMe/go-disque/disque/pool.go -o 2905
godef: no declaration found for &{redis NewPool}

[2019-02-19 14:01:35.965] [exthost] [error] [ms-vscode.Go] provider FAILED
[2019-02-19 14:01:35.965] [exthost] [error] Command failed: /home/liuhy/work/bin/godef -t -i -f /home/liuhy/work/src/github.com/EverythingMe/go-disque/disque/pool.go -o 2905
godef: no declaration found for &{redis NewPool}

[2019-02-19 14:28:48.865] [exthost] [error] [ms-vscode.Go] provider FAILED
[2019-02-19 14:28:48.865] [exthost] [error] Check the console in dev tools to find errors when formatting.
[2019-02-19 14:31:18.495] [exthost] [error] [ms-vscode.Go] provider FAILED
[2019-02-19 14:31:18.495] [exthost] [error] Check the console in dev tools to find errors when formatting.
[2019-02-19 14:31:27.583] [exthost] [error] [ms-vscode.Go] provider FAILED
[2019-02-19 14:31:27.583] [exthost] [error] Command failed: /home/liuhy/work/bin/godef -t -i -f /home/liuhy/work/src/github.com/EverythingMe/go-disque/main/main.go -o 122
godef: no declaration found for &{dischan NewChan}

[2019-02-19 14:33:56.526] [exthost] [error] [ms-vscode.Go] provider FAILED
[2019-02-19 14:33:56.526] [exthost] [error] Command failed: /home/liuhy/work/bin/godef -t -i -f /home/liuhy/work/src/github.com/EverythingMe/go-disque/main/main.go -o 91
godef: error finding import path for github.com/EverythingMe/go-disque/disque/disqchan: cannot find package "github.com/EverythingMe/go-disque/disque/disqchan" in any of:
	/usr/local/go/src/github.com/EverythingMe/go-disque/disque/disqchan (from $GOROOT)
	/home/liuhy/work/src/github.com/EverythingMe/go-disque/disque/disqchan (from $GOPATH)

[2019-02-19 14:34:02.789] [exthost] [error] [ms-vscode.Go] provider FAILED
[2019-02-19 14:34:02.789] [exthost] [error] Command failed: /home/liuhy/work/bin/godef -t -i -f /home/liuhy/work/src/github.com/EverythingMe/go-disque/main/main.go -o 57
godef: no declaration found for dischan

[2019-02-19 14:34:02.918] [exthost] [error] [ms-vscode.Go] provider FAILED
[2019-02-19 14:34:02.918] [exthost] [error] Command failed: /home/liuhy/work/bin/godef -t -i -f /home/liuhy/work/src/github.com/EverythingMe/go-disque/main/main.go -o 65
godef: no declaration found for &{dischan NewChan}

[2019-02-19 14:34:05.311] [exthost] [error] [ms-vscode.Go] provider FAILED
[2019-02-19 14:34:05.311] [exthost] [error] Command failed: /home/liuhy/work/bin/godef -t -i -f /home/liuhy/work/src/github.com/EverythingMe/go-disque/main/main.go -o 180
godef: no declaration found for &{dischan NewChan}

[2019-02-19 14:34:05.514] [exthost] [error] [ms-vscode.Go] provider FAILED
[2019-02-19 14:34:05.514] [exthost] [error] Command failed: /home/liuhy/work/bin/godef -t -i -f /home/liuhy/work/src/github.com/EverythingMe/go-disque/main/main.go -o 184
godef: no declaration found for &{disqchan NewChan}

[2019-02-19 14:34:08.816] [exthost] [error] [ms-vscode.Go] provider FAILED
[2019-02-19 14:34:08.816] [exthost] [error] Command failed: /home/liuhy/work/bin/godef -t -i -f /home/liuhy/work/src/github.com/EverythingMe/go-disque/main/main.go -o 92
godef: error finding import path for github.com/EverythingMe/go-disque/disque/disqchan: cannot find package "github.com/EverythingMe/go-disque/disque/disqchan" in any of:
	/usr/local/go/src/github.com/EverythingMe/go-disque/disque/disqchan (from $GOROOT)
	/home/liuhy/work/src/github.com/EverythingMe/go-disque/disque/disqchan (from $GOPATH)

[2019-02-19 14:34:08.995] [exthost] [error] [ms-vscode.Go] provider FAILED
[2019-02-19 14:34:08.995] [exthost] [error] Command failed: /home/liuhy/work/bin/godef -t -i -f /home/liuhy/work/src/github.com/EverythingMe/go-disque/main/main.go -o 93
godef: error finding import path for github.com/EverythingMe/go-disque/disque/disqchan: cannot find package "github.com/EverythingMe/go-disque/disque/disqchan" in any of:
	/usr/local/go/src/github.com/EverythingMe/go-disque/disque/disqchan (from $GOROOT)
	/home/liuhy/work/src/github.com/EverythingMe/go-disque/disque/disqchan (from $GOPATH)

[2019-02-19 14:34:09.876] [exthost] [error] [ms-vscode.Go] provider FAILED
[2019-02-19 14:34:09.876] [exthost] [error] Command failed: /home/liuhy/work/bin/godef -t -i -f /home/liuhy/work/src/github.com/EverythingMe/go-disque/main/main.go -o 93
godef: error finding import path for github.com/EverythingMe/go-disque/disque/disqchan: cannot find package "github.com/EverythingMe/go-disque/disque/disqchan" in any of:
	/usr/local/go/src/github.com/EverythingMe/go-disque/disque/disqchan (from $GOROOT)
	/home/liuhy/work/src/github.com/EverythingMe/go-disque/disque/disqchan (from $GOPATH)

[2019-02-19 14:37:05.024] [exthost] [error] [ms-vscode.Go] provider FAILED
[2019-02-19 14:37:05.024] [exthost] [error] Command failed: /home/liuhy/work/bin/godef -t -i -f /home/liuhy/work/src/github.com/EverythingMe/go-disque/main/main.go -o 606
godef: no declaration found for format

[2019-02-19 14:37:10.572] [exthost] [error] [ms-vscode.Go] provider FAILED
[2019-02-19 14:37:10.572] [exthost] [error] Command failed: /home/liuhy/work/bin/godef -t -i -f /home/liuhy/work/src/github.com/EverythingMe/go-disque/main/main.go -o 611
godef: no declaration found for format

[2019-02-19 14:37:10.716] [exthost] [error] [ms-vscode.Go] provider FAILED
[2019-02-19 14:37:10.716] [exthost] [error] Command failed: /home/liuhy/work/bin/godef -t -i -f /home/liuhy/work/src/github.com/EverythingMe/go-disque/main/main.go -o 611
godef: no declaration found for format

[2019-02-19 14:37:31.380] [exthost] [error] [ms-vscode.Go] provider FAILED
[2019-02-19 14:37:31.380] [exthost] [error] Command failed: /home/liuhy/work/bin/godef -t -i -f /home/liuhy/work/src/github.com/EverythingMe/go-disque/main/main.go -o 604

