[2019-02-18 09:54:27.511] [exthost] [info] extension host started
[2019-02-18 09:54:27.630] [exthost] [info] ExtensionService#_doActivateExtension vscode.debug-auto-launch {"startup":true,"activationEvent":"*"}
[2019-02-18 09:54:27.631] [exthost] [info] ExtensionService#loadCommonJSModule /usr/share/code/resources/app/extensions/debug-auto-launch/dist/extension
[2019-02-18 09:54:27.634] [exthost] [info] ExtensionService#_doActivateExtension vscode.emmet {"startup":true,"activationEvent":"*"}
[2019-02-18 09:54:27.634] [exthost] [info] ExtensionService#loadCommonJSModule /usr/share/code/resources/app/extensions/emmet/dist/extension
[2019-02-18 09:54:27.644] [exthost] [info] ExtensionService#_doActivateExtension vscode.git {"startup":true,"activationEvent":"*"}
[2019-02-18 09:54:27.644] [exthost] [info] ExtensionService#loadCommonJSModule /usr/share/code/resources/app/extensions/git/dist/main
[2019-02-18 09:54:27.696] [exthost] [info] ExtensionService#_doActivateExtension vscode.merge-conflict {"startup":true,"activationEvent":"*"}
[2019-02-18 09:54:27.696] [exthost] [info] ExtensionService#loadCommonJSModule /usr/share/code/resources/app/extensions/merge-conflict/dist/extension
[2019-02-18 09:54:27.700] [exthost] [info] ExtensionService#_doActivateExtension Equinusocio.vsc-material-theme {"startup":true,"activationEvent":"*"}
[2019-02-18 09:54:27.700] [exthost] [info] ExtensionService#loadCommonJSModule /home/liuhy/.vscode/extensions/equinusocio.vsc-material-theme-2.7.0/out/src/material.theme.config
[2019-02-18 09:54:27.717] [exthost] [info] ExtensionService#_doActivateExtension PKief.material-icon-theme {"startup":true,"activationEvent":"*"}
[2019-02-18 09:54:27.717] [exthost] [info] ExtensionService#loadCommonJSModule /home/liuhy/.vscode/extensions/pkief.material-icon-theme-3.6.3/out/src/extension
[2019-02-18 09:54:27.823] [exthost] [info] ExtensionService#_doActivateExtension ms-vscode.Go {"startup":false,"activationEvent":"onLanguage:go"}
[2019-02-18 09:54:27.824] [exthost] [info] ExtensionService#loadCommonJSModule /home/liuhy/.vscode/extensions/ms-vscode.go-0.9.2/out/src/goMain
[2019-02-18 09:54:28.237] [exthost] [info] eager extensions activated
[2019-02-18 09:54:29.090] [exthost] [info] ExtensionService#_doActivateExtension PeterJausovec.vscode-docker {"startup":false,"activationEvent":"onLanguage:yaml"}
[2019-02-18 09:54:29.090] [exthost] [info] ExtensionService#loadCommonJSModule /home/liuhy/.vscode/extensions/peterjausovec.vscode-docker-0.5.2/entrypoint
[2019-02-18 09:54:29.921] [exthost] [info] ExtensionService#_doActivateExtension vscode.extension-editing {"startup":false,"activationEvent":"onLanguage:markdown"}
[2019-02-18 09:54:29.925] [exthost] [info] ExtensionService#loadCommonJSModule /usr/share/code/resources/app/extensions/extension-editing/dist/extension
[2019-02-18 09:54:29.971] [exthost] [info] ExtensionService#_doActivateExtension vscode.markdown-language-features {"startup":false,"activationEvent":"onLanguage:markdown"}
[2019-02-18 09:54:29.972] [exthost] [info] ExtensionService#loadCommonJSModule /usr/share/code/resources/app/extensions/markdown-language-features/dist/extension
