[2019-02-19 10:27:55.537] [exthost] [info] extension host started
[2019-02-19 10:27:55.553] [exthost] [info] ExtensionService#_doActivateExtension vscode.debug-auto-launch {"startup":true,"activationEvent":"*"}
[2019-02-19 10:27:55.553] [exthost] [info] ExtensionService#loadCommonJSModule /usr/share/code/resources/app/extensions/debug-auto-launch/dist/extension
[2019-02-19 10:27:55.557] [exthost] [info] ExtensionService#_doActivateExtension vscode.emmet {"startup":true,"activationEvent":"*"}
[2019-02-19 10:27:55.557] [exthost] [info] ExtensionService#loadCommonJSModule /usr/share/code/resources/app/extensions/emmet/dist/extension
[2019-02-19 10:27:55.564] [exthost] [info] ExtensionService#_doActivateExtension vscode.git {"startup":true,"activationEvent":"*"}
[2019-02-19 10:27:55.564] [exthost] [info] ExtensionService#loadCommonJSModule /usr/share/code/resources/app/extensions/git/dist/main
[2019-02-19 10:27:55.595] [exthost] [info] ExtensionService#_doActivateExtension vscode.merge-conflict {"startup":true,"activationEvent":"*"}
[2019-02-19 10:27:55.595] [exthost] [info] ExtensionService#loadCommonJSModule /usr/share/code/resources/app/extensions/merge-conflict/dist/extension
[2019-02-19 10:27:55.598] [exthost] [info] ExtensionService#_doActivateExtension Equinusocio.vsc-material-theme {"startup":true,"activationEvent":"*"}
[2019-02-19 10:27:55.598] [exthost] [info] ExtensionService#loadCommonJSModule /home/liuhy/.vscode/extensions/equinusocio.vsc-material-theme-2.7.0/out/src/material.theme.config
[2019-02-19 10:27:55.614] [exthost] [info] ExtensionService#_doActivateExtension PKief.material-icon-theme {"startup":true,"activationEvent":"*"}
[2019-02-19 10:27:55.614] [exthost] [info] ExtensionService#loadCommonJSModule /home/liuhy/.vscode/extensions/pkief.material-icon-theme-3.6.3/out/src/extension
[2019-02-19 10:27:55.659] [exthost] [info] eager extensions activated
[2019-02-19 10:28:00.629] [exthost] [info] extension host started
[2019-02-19 10:28:00.777] [exthost] [info] ExtensionService#_doActivateExtension vscode.debug-auto-launch {"startup":true,"activationEvent":"*"}
[2019-02-19 10:28:00.777] [exthost] [info] ExtensionService#loadCommonJSModule /usr/share/code/resources/app/extensions/debug-auto-launch/dist/extension
[2019-02-19 10:28:00.781] [exthost] [info] ExtensionService#_doActivateExtension vscode.emmet {"startup":true,"activationEvent":"*"}
[2019-02-19 10:28:00.781] [exthost] [info] ExtensionService#loadCommonJSModule /usr/share/code/resources/app/extensions/emmet/dist/extension
[2019-02-19 10:28:00.793] [exthost] [info] ExtensionService#_doActivateExtension vscode.git {"startup":true,"activationEvent":"*"}
[2019-02-19 10:28:00.793] [exthost] [info] ExtensionService#loadCommonJSModule /usr/share/code/resources/app/extensions/git/dist/main
[2019-02-19 10:28:00.840] [exthost] [info] ExtensionService#_doActivateExtension vscode.merge-conflict {"startup":true,"activationEvent":"*"}
[2019-02-19 10:28:00.840] [exthost] [info] ExtensionService#loadCommonJSModule /usr/share/code/resources/app/extensions/merge-conflict/dist/extension
[2019-02-19 10:28:00.843] [exthost] [info] ExtensionService#_doActivateExtension Equinusocio.vsc-material-theme {"startup":true,"activationEvent":"*"}
[2019-02-19 10:28:00.843] [exthost] [info] ExtensionService#loadCommonJSModule /home/liuhy/.vscode/extensions/equinusocio.vsc-material-theme-2.7.0/out/src/material.theme.config
[2019-02-19 10:28:00.865] [exthost] [info] ExtensionService#_doActivateExtension PKief.material-icon-theme {"startup":true,"activationEvent":"*"}
[2019-02-19 10:28:00.865] [exthost] [info] ExtensionService#loadCommonJSModule /home/liuhy/.vscode/extensions/pkief.material-icon-theme-3.6.3/out/src/extension
[2019-02-19 10:28:00.926] [exthost] [info] ExtensionService#_doActivateExtension PeterJausovec.vscode-docker {"startup":false,"activationEvent":"onLanguage:yaml"}
[2019-02-19 10:28:00.926] [exthost] [info] ExtensionService#loadCommonJSModule /home/liuhy/.vscode/extensions/peterjausovec.vscode-docker-0.5.2/entrypoint
[2019-02-19 10:28:01.298] [exthost] [info] eager extensions activated
[2019-02-19 10:32:23.361] [exthost] [info] ExtensionService#_doActivateExtension ms-vscode.Go {"startup":false,"activationEvent":"onLanguage:go"}
[2019-02-19 10:32:23.361] [exthost] [info] ExtensionService#loadCommonJSModule /home/liuhy/.vscode/extensions/ms-vscode.go-0.9.2/out/src/goMain
