[2019-02-19 15:33:51.137] [exthost] [info] extension host started
[2019-02-19 15:33:51.154] [exthost] [info] ExtensionService#_doActivateExtension vscode.debug-auto-launch {"startup":true,"activationEvent":"*"}
[2019-02-19 15:33:51.154] [exthost] [info] ExtensionService#loadCommonJSModule /usr/share/code/resources/app/extensions/debug-auto-launch/dist/extension
[2019-02-19 15:33:51.156] [exthost] [info] ExtensionService#_doActivateExtension vscode.emmet {"startup":true,"activationEvent":"*"}
[2019-02-19 15:33:51.156] [exthost] [info] ExtensionService#loadCommonJSModule /usr/share/code/resources/app/extensions/emmet/dist/extension
[2019-02-19 15:33:51.162] [exthost] [info] ExtensionService#_doActivateExtension vscode.git {"startup":true,"activationEvent":"*"}
[2019-02-19 15:33:51.162] [exthost] [info] ExtensionService#loadCommonJSModule /usr/share/code/resources/app/extensions/git/dist/main
[2019-02-19 15:33:51.186] [exthost] [info] ExtensionService#_doActivateExtension vscode.merge-conflict {"startup":true,"activationEvent":"*"}
[2019-02-19 15:33:51.186] [exthost] [info] ExtensionService#loadCommonJSModule /usr/share/code/resources/app/extensions/merge-conflict/dist/extension
[2019-02-19 15:33:51.188] [exthost] [info] ExtensionService#_doActivateExtension Equinusocio.vsc-material-theme {"startup":true,"activationEvent":"*"}
[2019-02-19 15:33:51.188] [exthost] [info] ExtensionService#loadCommonJSModule /home/liuhy/.vscode/extensions/equinusocio.vsc-material-theme-2.7.0/out/src/material.theme.config
[2019-02-19 15:33:51.194] [exthost] [info] ExtensionService#_doActivateExtension PKief.material-icon-theme {"startup":true,"activationEvent":"*"}
[2019-02-19 15:33:51.194] [exthost] [info] ExtensionService#loadCommonJSModule /home/liuhy/.vscode/extensions/pkief.material-icon-theme-3.6.3/out/src/extension
[2019-02-19 15:33:51.218] [exthost] [info] eager extensions activated
[2019-02-19 15:34:01.425] [exthost] [info] extension host started
[2019-02-19 15:34:01.442] [exthost] [info] ExtensionService#_doActivateExtension vscode.debug-auto-launch {"startup":true,"activationEvent":"*"}
[2019-02-19 15:34:01.442] [exthost] [info] ExtensionService#loadCommonJSModule /usr/share/code/resources/app/extensions/debug-auto-launch/dist/extension
[2019-02-19 15:34:01.444] [exthost] [info] ExtensionService#_doActivateExtension vscode.emmet {"startup":true,"activationEvent":"*"}
[2019-02-19 15:34:01.444] [exthost] [info] ExtensionService#loadCommonJSModule /usr/share/code/resources/app/extensions/emmet/dist/extension
[2019-02-19 15:34:01.449] [exthost] [info] ExtensionService#_doActivateExtension vscode.git {"startup":true,"activationEvent":"*"}
[2019-02-19 15:34:01.449] [exthost] [info] ExtensionService#loadCommonJSModule /usr/share/code/resources/app/extensions/git/dist/main
[2019-02-19 15:34:01.471] [exthost] [info] ExtensionService#_doActivateExtension vscode.merge-conflict {"startup":true,"activationEvent":"*"}
[2019-02-19 15:34:01.471] [exthost] [info] ExtensionService#loadCommonJSModule /usr/share/code/resources/app/extensions/merge-conflict/dist/extension
[2019-02-19 15:34:01.474] [exthost] [info] ExtensionService#_doActivateExtension Equinusocio.vsc-material-theme {"startup":true,"activationEvent":"*"}
[2019-02-19 15:34:01.474] [exthost] [info] ExtensionService#loadCommonJSModule /home/liuhy/.vscode/extensions/equinusocio.vsc-material-theme-2.7.0/out/src/material.theme.config
[2019-02-19 15:34:01.479] [exthost] [info] ExtensionService#_doActivateExtension PKief.material-icon-theme {"startup":true,"activationEvent":"*"}
[2019-02-19 15:34:01.479] [exthost] [info] ExtensionService#loadCommonJSModule /home/liuhy/.vscode/extensions/pkief.material-icon-theme-3.6.3/out/src/extension
[2019-02-19 15:34:01.519] [exthost] [info] eager extensions activated
[2019-02-19 15:34:36.780] [exthost] [info] ExtensionService#_doActivateExtension ms-vscode.Go {"startup":false,"activationEvent":"onLanguage:go"}
[2019-02-19 15:34:36.780] [exthost] [info] ExtensionService#loadCommonJSModule /home/liuhy/.vscode/extensions/ms-vscode.go-0.9.2/out/src/goMain
