Looking for git in: git
Using git 2.17.1 from git
> git rev-parse --show-toplevel
> git config --get commit.template
Open repository: /home/liuhy/c_lab/disque
> git status -z -u
> git symbolic-ref --short HEAD
> git rev-parse master
> git rev-parse --symbolic-full-name master@{u}
> git rev-list --left-right master...refs/remotes/origin/master
> git for-each-ref --format %(refname) %(objectname) --sort -committerdate
> git remote --verbose
> git show :src/bio.c
> git check-ignore -z --stdin
> git check-ignore -z --stdin
> git show :src/ack.c
> git show :src/ack.h
> git show :src/crc64.c
> git show :src/crc64.h
> git show :src/crc64.c
> git show :src/debug.c
> git show :src/server.h
> git check-ignore -z --stdin
> git show :src/debug.c
> git show :src/dict.c
> git show :src/dict.h
> git show :src/dict.c
> git show :src/config.h
> git show :src/config.c
> git rev-parse --show-toplevel
fatal: not a git repository (or any of the parent directories): .git
